d:\cpp\example\cpp2022\ege\lab03\lab03\x64\debug\vc143.pdb
d:\cpp\example\cpp2022\ege\lab03\lab03\x64\debug\vc143.idb
d:\cpp\example\cpp2022\ege\lab03\lab03\x64\debug\triangle.obj
d:\cpp\example\cpp2022\ege\lab03\lab03\x64\debug\shape.obj
d:\cpp\example\cpp2022\ege\lab03\lab03\x64\debug\readfromfile.obj
d:\cpp\example\cpp2022\ege\lab03\lab03\x64\debug\point.obj
d:\cpp\example\cpp2022\ege\lab03\lab03\x64\debug\myrectangle.obj
d:\cpp\example\cpp2022\ege\lab03\lab03\x64\debug\menu.obj
d:\cpp\example\cpp2022\ege\lab03\lab03\x64\debug\main.obj
d:\cpp\example\cpp2022\ege\lab03\lab03\x64\debug\line.obj
d:\cpp\example\cpp2022\ege\lab03\lab03\x64\debug\controller.obj
d:\cpp\example\cpp2022\ege\lab03\lab03\x64\debug\color.obj
d:\cpp\example\cpp2022\ege\lab03\lab03\x64\debug\circle.obj
d:\cpp\example\cpp2022\ege\lab03\x64\debug\lab03.exe
d:\cpp\example\cpp2022\ege\lab03\lab03\x64\debug\lab03.ilk
d:\cpp\example\cpp2022\ege\lab03\x64\debug\lab03.pdb
d:\cpp\example\cpp2022\ege\lab03\lab03\x64\debug\lab03.tlog\cl.command.1.tlog
d:\cpp\example\cpp2022\ege\lab03\lab03\x64\debug\lab03.tlog\cl.read.1.tlog
d:\cpp\example\cpp2022\ege\lab03\lab03\x64\debug\lab03.tlog\cl.write.1.tlog
d:\cpp\example\cpp2022\ege\lab03\lab03\x64\debug\lab03.tlog\link.command.1.tlog
d:\cpp\example\cpp2022\ege\lab03\lab03\x64\debug\lab03.tlog\link.read.1.tlog
d:\cpp\example\cpp2022\ege\lab03\lab03\x64\debug\lab03.tlog\link.write.1.tlog
